<?xml version="1.0" encoding="UTF-8"?>
<!-- Generated by org.testng.reporters.JUnitReportReporter -->
<testsuite hostname="Sharvesh-PC" failures="0" tests="6" name="tests.BillingOrderTests" time="45.897" errors="0" timestamp="31 Aug 2020 04:13:19 GMT" skipped="0">
  <testcase classname="tests.BillingOrderTests" name="RequiredFieldsTest" time="11.102"/>
  <testcase classname="tests.BillingOrderTests" name="SubmitFormWithAllParametersTest" time="6.046"/>
  <testcase classname="tests.BillingOrderTests" name="TotalAmountTest" time="3.333"/>
  <testcase classname="tests.BillingOrderTests" name="SubmitFormWithAllParametersTest" time="6.102"/>
  <testcase classname="tests.BillingOrderTests" name="SubmitFormWithAllParametersTest" time="13.543"/>
  <testcase classname="tests.BillingOrderTests" name="SubmitFormWithAllParametersTest" time="5.771"/>
</testsuite> <!-- tests.BillingOrderTests -->
