<?xml version="1.0" encoding="UTF-8"?>
<!-- Generated by org.testng.reporters.JUnitReportReporter -->
<testsuite hostname="Sharvesh-PC" failures="0" tests="8" name="tests.TestBlankFormPageTests" time="37.359" errors="0" timestamp="31 Aug 2020 04:13:19 GMT" skipped="0">
  <testcase classname="tests.TestBlankFormPageTests" name="CsvExampleTest" time="9.286"/>
  <testcase classname="tests.TestBlankFormPageTests" name="SubmitFormWithAllParametersTest" time="4.705"/>
  <testcase classname="tests.TestBlankFormPageTests" name="SubmitFormWithAllParametersTest" time="4.480"/>
  <testcase classname="tests.TestBlankFormPageTests" name="SubmitFormWithAllParametersTest" time="3.860"/>
  <testcase classname="tests.TestBlankFormPageTests" name="CsvExampleTest" time="3.636"/>
  <testcase classname="tests.TestBlankFormPageTests" name="SubmitFormWithAllParametersTest" time="4.030"/>
  <testcase classname="tests.TestBlankFormPageTests" name="CsvExampleTest" time="3.542"/>
  <testcase classname="tests.TestBlankFormPageTests" name="CsvExampleTest" time="3.820"/>
</testsuite> <!-- tests.TestBlankFormPageTests -->
